
Gurobi 7.5.2 (linux64) logging started Mon Aug 20 09:18:01 2018

Academic license - for non-commercial use only

Gurobi Optimizer version 7.5.2 build v7.5.2rc1 (linux64)
Copyright (c) 2017, Gurobi Optimization, Inc.

Read MPS format model from file nag.mps
Reading time = 0.03 seconds
nag: 5840 rows, 2884 columns, 26499 nonzeros
Optimize a model with 5840 rows, 2884 columns and 26499 nonzeros
Variable types: 1499 continuous, 1385 integer (0 binary)
Coefficient statistics:
  Matrix range     [1e+00, 1e+04]
  Objective range  [1e+00, 1e+00]
  Bounds range     [1e+00, 4e+03]
  RHS range        [1e+00, 6e+02]
Presolve removed 1332 rows and 1284 columns
Presolve time: 0.11s
Presolved: 4508 rows, 1600 columns, 23805 nonzeros
Variable types: 35 continuous, 1565 integer (1350 binary)
Found heuristic solution: objective 8660.0000000

Root relaxation: objective 4.650000e+02, 1370 iterations, 0.10 seconds

    Nodes    |    Current Node    |     Objective Bounds      |     Work
 Expl Unexpl |  Obj  Depth IntInf | Incumbent    BestBd   Gap | It/Node Time

     0     0  465.00000    0  162 8660.00000  465.00000  94.6%     -    0s
H    0     0                    4825.0000000  465.00000  90.4%     -    0s
     0     0  465.00000    0  345 4825.00000  465.00000  90.4%     -    0s
H    0     0                    3575.0000000  465.00000  87.0%     -    0s
     0     0  465.00000    0  332 3575.00000  465.00000  87.0%     -    0s
     0     0  465.00000    0  196 3575.00000  465.00000  87.0%     -    1s
H    0     0                    3435.0000000  465.00000  86.5%     -    1s
     0     0  465.00000    0  174 3435.00000  465.00000  86.5%     -    1s
     0     0  465.00000    0  222 3435.00000  465.00000  86.5%     -    1s
H    0     0                    3410.0000000  465.00000  86.4%     -    1s
H    0     0                    2465.0000000  465.00000  81.1%     -    1s
     0     0  465.00000    0  273 2465.00000  465.00000  81.1%     -    1s
     0     0  465.00000    0  189 2465.00000  465.00000  81.1%     -    2s
     0     0  465.00000    0  188 2465.00000  465.00000  81.1%     -    2s
H    0     0                    2015.0000000  465.00000  76.9%     -    2s
     0     2  465.00000    0  143 2015.00000  465.00000  76.9%     -    2s
H  724   575                    1815.0000000  465.00000  74.4%  57.7    5s
   736   583  780.00000   91  189 1815.00000  465.00000  74.4%  56.8   10s
   743   590  465.00000   16  211 1815.00000  465.00000  74.4%   112   15s
   994   711  825.00000   88  100 1815.00000  465.00000  74.4%   123   20s
  1378   887 infeasible   75      1815.00000  465.00000  74.4%   131   26s
H 1403   847                    1785.0000000  465.00000  73.9%   130   26s
H 1430   834                    1710.0000000  465.00000  72.8%   132   29s
  1436   845  466.53276   28  295 1710.00000  465.00000  72.8%   132   33s
H 1462   808                    1590.0000000  465.00000  70.8%   132   33s
  1596   904  540.00000   91  122 1590.00000  465.00000  70.8%   128   35s
H 2247  1135                    1515.0000000  465.00000  69.3%   112   37s
  2893  1660  885.00000  116  120 1515.00000  465.00000  69.3%   104   40s
  3230  1897  540.00000   31  199 1515.00000  465.00000  69.3%   105   45s
  3945  2473  465.00000   24  204 1515.00000  465.00000  69.3%  99.4   50s
  5019  3303  570.00000   47  175 1515.00000  465.00000  69.3%  90.5   55s
  6557  4559 1350.00000  111   91 1515.00000  465.00000  69.3%  86.1   60s
  6969  4886  512.44898   32  310 1515.00000  465.00000  69.3%  84.5   65s
  8618  6174  885.00000   97   96 1515.00000  465.00000  69.3%  79.6   70s
  9471  6868 infeasible   63      1515.00000  465.00000  69.3%  79.5   75s
* 9971  6996             130    1485.0000000  465.00000  68.7%  78.6   77s
 10990  7838  750.00000   62  150 1485.00000  465.00000  68.7%  76.3   82s
 11757  8454  780.00000   67  140 1485.00000  465.00000  68.7%  74.0   85s
 13848 10096  900.00000   51  137 1485.00000  465.00000  68.7%  70.6   90s

Cutting planes:
  Gomory: 18
  MIR: 33
  StrongCG: 1
  Flow cover: 78
  Inf proof: 1
  Zero half: 2

Explored 15058 nodes (1058290 simplex iterations) in 114.51 seconds
Thread count was 4 (of 4 available processors)

Solution count 10: 1485 1515 1590 ... 3435

Solve interrupted
Best objective 1.485000000000e+03, best bound 4.650000000000e+02, gap 68.6869%
