
Gurobi 7.5.2 (linux64) logging started Wed Jan 23 10:41:43 2019

Academic license - for non-commercial use only

Gurobi Optimizer version 7.5.2 build v7.5.2rc1 (linux64)
Copyright (c) 2017, Gurobi Optimization, Inc.

Read LP format model from file j3013_5.mm.lp
Reading time = 0.02 seconds
: 1321 rows, 2939 columns, 30728 nonzeros
Optimize a model with 1321 rows, 2939 columns and 30728 nonzeros
Variable types: 0 continuous, 2939 integer (2874 binary)
Coefficient statistics:
  Matrix range     [1e+00, 4e+01]
  Objective range  [1e+00, 3e+01]
  Bounds range     [1e+00, 4e+01]
  RHS range        [1e+00, 1e+02]
Presolve removed 1068 rows and 1495 columns
Presolve time: 0.22s
Presolved: 253 rows, 1444 columns, 21594 nonzeros
Variable types: 0 continuous, 1444 integer (1437 binary)

Root relaxation: objective 2.276011e+00, 1068 iterations, 0.07 seconds

    Nodes    |    Current Node    |     Objective Bounds      |     Work
 Expl Unexpl |  Obj  Depth IntInf | Incumbent    BestBd   Gap | It/Node Time

     0     0    2.27601    0  125          -    2.27601      -     -    0s
     0     0    3.00000    0  117          -    3.00000      -     -    1s
     0     0    3.00000    0  121          -    3.00000      -     -    1s
     0     0    3.33458    0  159          -    3.33458      -     -    1s
     0     0    4.00000    0  139          -    4.00000      -     -    1s
     0     0    4.00000    0  137          -    4.00000      -     -    1s
     0     0    4.23219    0  148          -    4.23219      -     -    1s
     0     0    4.25093    0  169          -    4.25093      -     -    1s
     0     0    4.25630    0  176          -    4.25630      -     -    1s
     0     0    4.25701    0  184          -    4.25701      -     -    1s
     0     0    4.42034    0  180          -    4.42034      -     -    1s
     0     0    4.44011    0  184          -    4.44011      -     -    1s
     0     0    4.44305    0  183          -    4.44305      -     -    1s
     0     0    4.44373    0  185          -    4.44373      -     -    1s
     0     0    4.52533    0  202          -    4.52533      -     -    2s
     0     0    4.70804    0  194          -    4.70804      -     -    2s
     0     0    4.71987    0  197          -    4.71987      -     -    2s
     0     0    4.72101    0  202          -    4.72101      -     -    2s
     0     0    4.87957    0  205          -    4.87957      -     -    2s
     0     0    4.89843    0  210          -    4.89843      -     -    2s
     0     0    4.90148    0  219          -    4.90148      -     -    2s
     0     0    4.90274    0  222          -    4.90274      -     -    2s
     0     0    4.99223    0  201          -    4.99223      -     -    2s
     0     0    5.03092    0  210          -    5.03092      -     -    2s
     0     0    5.03487    0  193          -    5.03487      -     -    2s
     0     0    5.03518    0  189          -    5.03518      -     -    2s
     0     0    5.10989    0  221          -    5.10989      -     -    2s
     0     0    5.11446    0  227          -    5.11446      -     -    2s
     0     0    5.11682    0  241          -    5.11682      -     -    2s
     0     0    5.13528    0  233          -    5.13528      -     -    3s
     0     0    6.00000    0  105          -    6.00000      -     -    3s
     0     0    6.00000    0   95          -    6.00000      -     -    3s
     0     2    6.00000    0   94          -    6.00000      -     -    4s
    76    61 infeasible   23               -    6.00000      -   148    5s
   747   511    6.00000   26   89          -    6.00000      -   128   10s
   760   520   10.00000   79  158          -    7.00000      -   126   15s
   770   527    9.00000   38  176          -    7.14073      -   124   20s
   782   535   11.00000   51  120          -    7.17430      -   122   25s
   800   548   10.00000   79  115          -    8.00000      -   176   30s
   821   563    8.00000   26   96          -    8.00000      -   198   35s
   839   578    8.00000   37   91          -    8.00000      -   107   40s
   909   593    8.00000   50   83          -    8.00000      -   116   45s
  1073   641    8.00000   59   87          -    8.00000      -   139   50s
  1257   684    8.00000   54   87          -    8.00000      -   163   56s
  1522   757    9.00000   81   73          -    8.00000      -   178   61s
  1688   797    8.00000   49   82          -    8.00000      -   183   65s
  1974   864 infeasible   98               -    8.00000      -   191   70s
  2392   976   10.00000   61   92          -    8.00000      -   191   76s
  2784  1195    8.23802  131  109          -    8.00000      -   185   80s
  3170  1474    8.00000   50   92          -    8.00000      -   183   85s
  3772  1834   11.00000   86   58          -    8.00000      -   180   91s
  4194  2007    8.75423   68  103          -    8.00000      -   176   96s
  4568  2161 infeasible   97               -    8.00000      -   177  101s
  4897  2307 infeasible   90               -    8.00000      -   181  107s
  5101  2461 infeasible  121               -    8.00000      -   181  110s
  5680  2826   11.00000   73   84          -    8.00000      -   180  116s
  6010  3029 infeasible   83               -    8.00000      -   178  120s
  6593  3445 infeasible  128               -    8.00000      -   179  127s
  6921  3661    8.00000   78  105          -    8.00000      -   177  131s
  7214  3888   10.00000   70   79          -    8.00000      -   175  135s
  7688  4189   10.00000   73   92          -    8.00000      -   174  141s
  8033  4434   11.00000   94   87          -    8.00000      -   173  145s
  8580  4802   10.00000   68   68          -    8.00000      -   172  152s
  8911  5050    9.00000   60   70          -    8.00000      -   170  156s
  9369  5344   10.39516   74   79          -    8.00000      -   172  163s
  9568  5435 infeasible  119               -    8.00000      -   174  166s
  9855  5608    8.03763  126  120          -    8.00000      -   174  170s
 10351  5926   10.00000   97  113          -    8.00000      -   174  176s
 10998  6409   10.00000   92   80          -    8.00000      -   171  182s
 11542  6828    8.00000   73  105          -    8.00000      -   168  185s
 11894  7020   11.00000   61   74          -    8.00000      -   169  190s
 12293  7201    8.00000   69   94          -    8.00000      -   170  196s
 12865  7606    9.02260   72   97          -    8.00000      -   169  202s
 13047  7680    9.00000   81   74          -    8.00000      -   170  205s
 13571  8007 infeasible   67               -    8.00000      -   169  211s
 13873  8166 infeasible   78               -    8.00000      -   172  217s
 14018  8248    8.03623   83  113          -    8.00000      -   173  220s
 14445  8468    8.00000   62  101          -    8.00000      -   174  247s
 14741  8647    9.00000  113   93          -    8.00000      -   173  250s
 15088  8831    8.49485   71  128          -    8.00000      -   173  256s
 15398  9006   11.00000   60   95          -    8.00000      -   174  262s
 15575  9100    8.00000   66  120          -    8.00000      -   174  265s
 15982  9368   10.00000   73  116          -    8.00000      -   174  271s
 16172  9481 infeasible   81               -    8.00000      -   174  275s
 16478  9635   10.00000  104  115          -    8.00000      -   175  282s
 16691  9781   10.00000  115   80          -    8.00000      -   175  286s
 17094 10043   10.00000   96  100          -    8.00000      -   175  292s
 17297 10153    8.23864   91  131          -    8.00000      -   175  295s
 17699 10394   11.00000   89   90          -    8.00000      -   175  301s
 18238 10731   11.00000   91   65          -    8.00000      -   175  308s
 18404 10827    8.06632   83  139          -    8.00000      -   175  311s
 18658 10986    9.67787   64   78          -    8.00000      -   175  315s
 19075 11254   10.00000   97   76          -    8.00000      -   175  322s
 19204 11311   10.00000   79   82          -    8.00000      -   176  326s
 19496 11499    8.25262   74  142          -    8.00000      -   176  330s
 20006 11842    8.06271   72  136          -    8.00000      -   175  337s
 20354 12094   11.00000   90   63          -    8.00000      -   174  340s
 20752 12349   10.00000   95  105          -    8.00000      -   174  347s
 20940 12483    9.00000   81   95          -    8.00000      -   174  351s
 21331 12726    9.06510   96   98          -    8.00000      -   175  358s
 21539 12857 infeasible   77               -    8.00000      -   175  360s
 21947 13128    8.31170   62  121          -    8.00000      -   175  367s
 22193 13279   10.00000   93   89          -    8.00000      -   175  370s
 22676 13562   10.00000   83  100          -    8.00000      -   174  376s
 23225 13907    8.12014   88  125          -    8.00000      -   174  382s
 23849 14342    9.28862   80  102          -    8.00000      -   173  387s
 24084 14495    8.00000   56  121          -    8.00000      -   173  390s
 24492 14751   10.00000   75  116          -    8.00000      -   172  396s
 25025 15131   10.00000  109   92          -    8.00000      -   172  402s
 25589 15511   10.00000  107  100          -    8.00000      -   171  408s
 25828 15651 infeasible   74               -    8.00000      -   171  411s
 26319 15969    9.00000   89   89          -    8.00000      -   171  416s
 26725 16251   11.00000   86   83          -    8.00000      -   171  422s
 26915 16352   10.00000   88  101          -    8.00000      -   171  425s
 27363 16608    8.56338   66  110          -    8.00000      -   171  430s
 27804 16868 infeasible   75               -    8.00000      -   172  436s
 28139 17034 infeasible   72               -    8.00000      -   172  442s
 28353 17151 infeasible   98               -    8.00000      -   172  445s
 28709 17341    8.00000   58  112          -    8.00000      -   173  451s
 29039 17518    8.00000   59  125          -    8.00000      -   173  457s
 29174 17590    9.00000   75  117          -    8.00000      -   174  460s
 29589 17840    9.00000   44   88          -    8.00000      -   174  467s
 29769 17941    9.30539  113  120          -    8.00000      -   175  470s
 30168 18122   10.00000  126   92          -    8.00000      -   175  476s
 30595 18365   10.00000  131   77          -    8.00000      -   176  482s
 30798 18461   10.00000  110   83          -    8.00000      -   176  485s
 31204 18651    9.00000   80  134          -    8.00000      -   176  492s
 31441 18793   10.50000  109   66          -    8.00000      -   177  495s
 31880 19043   10.00000   56   89          -    8.00000      -   177  502s
 32103 19186   10.00000   80   98          -    8.00000      -   177  505s
 32425 19356   10.00000   65   79          -    8.00000      -   178  511s
 32956 19715    8.00000   48   94          -    8.00000      -   178  518s
 33301 19950   11.00000   85   63          -    8.00000      -   177  521s
 33783 20243    9.00000   48   78          -    8.00000      -   177  527s
 34046 20387    8.07628   71  132          -    8.00000      -   177  530s
 34584 20707   10.00000   86  107          -    8.00000      -   177  537s
 34825 20850    9.00000   64   96          -    8.00000      -   177  540s
 35366 21162   11.00000   77  103          -    8.00000      -   177  546s
 35862 21484 infeasible   90               -    8.00000      -   177  552s
 36085 21627    9.00000   65  130          -    8.00000      -   177  555s
 36668 22019   10.00000   83  118          -    8.00000      -   176  562s
 36958 22197   10.00000   86   75          -    8.00000      -   176  565s
 37390 22467    9.15826   63   93          -    8.00000      -   177  571s
 37899 22786   11.00000   63   89          -    8.00000      -   177  577s
 38121 22901 infeasible   83               -    8.00000      -   177  581s
 38702 23252    9.00000   70   68          -    8.00000      -   176  587s
 39076 23490   10.00000   61   98          -    8.00000      -   176  590s
 39684 23881   10.00000   85   85          -    8.00000      -   176  596s
 40230 24248   11.00000   68   96          -    8.00000      -   175  602s
 40413 24353    8.05632   70  134          -    8.00000      -   176  605s
 40909 24701 infeasible  103               -    8.00000      -   175  611s
 41416 25028   10.00000   83   70          -    8.00000      -   175  617s
 41688 25185 infeasible   79               -    8.00000      -   175  620s
 42144 25432    9.27890   59   85          -    8.00000      -   175  626s
 42723 25814   11.00000   78   73          -    8.00000      -   175  632s
 43109 26028    9.00000   74  103          -    8.00000      -   175  637s
 43279 26121    9.00000   63  115          -    8.00000      -   176  641s
 43547 26301 infeasible   75               -    8.00000      -   176  645s
 44063 26592   10.00000   64   71          -    8.00000      -   175  651s
 44663 26991    9.00000   85   80          -    8.00000      -   175  657s
 44908 27162   10.00000   61  110          -    8.00000      -   175  660s
 45359 27414   11.00000   68   62          -    8.00000      -   175  666s
 45599 27550   11.00000   67   79          -    8.00000      -   175  670s
 46033 27787   11.00000   99   89          -    8.00000      -   175  675s
 46525 28092   10.00000  115  106          -    8.00000      -   175  681s
 46927 28333 infeasible   50               -    8.00000      -   175  687s
 47191 28502   10.00000  105  107          -    8.00000      -   175  690s
 47619 28763   10.00000   69   95          -    8.00000      -   176  696s
 48117 29107    8.00688   52  105          -    8.00000      -   176  701s
 48491 29296   10.60000   54   69          -    8.00000      -   176  707s
 48755 29467    8.15891   51  114          -    8.00000      -   176  710s
 49371 29851    8.19745   56   93          -    8.00000      -   176  716s
 49887 30154   11.00000   79   86          -    8.00000      -   176  722s
 50148 30323    9.00000   53   80          -    8.00000      -   175  725s
 50594 30579 infeasible   87               -    8.00000      -   176  731s
 51063 30881   10.00000  103   77          -    8.00000      -   176  736s
 51532 31186 infeasible  102               -    8.00000      -   176  742s
 51684 31274 infeasible   48               -    8.00000      -   176  746s
 51913 31436 infeasible   84               -    8.00000      -   176  750s
 52344 31730    9.56929   94   94          -    8.00000      -   176  756s
 52856 32070    9.43915   74  120          -    8.00000      -   176  764s
 53064 32191 infeasible   91               -    8.00000      -   176  767s
 53255 32307    9.00000   85  124          -    8.00000      -   176  772s
 53494 32459    9.00000   81   98          -    8.00000      -   176  776s
 53778 32668    9.00000   69   89          -    8.00000      -   175  781s
 54026 32851    9.00000   93   93          -    8.00000      -   175  786s
 54274 33016    8.00000   52  122          -    8.00000      -   175  792s
 54586 33239    9.18523  133   97          -    8.00000      -   175  796s
 54830 33399   10.00000   79   93          -    8.00000      -   175  801s
 55015 33511    9.00000   67   86          -    8.00000      -   175  806s
 55209 33634   10.00000   91   77          -    8.00000      -   175  811s
 55532 33854    8.00000   46  118          -    8.00000      -   174  815s
 55703 33970    9.00000  112  118          -    8.00000      -   174  820s
 56086 34229 infeasible   91               -    8.00000      -   174  828s
 56235 34314   11.00000   90   74          -    8.00000      -   175  832s
 56393 34401   10.00000  103   99          -    8.00000      -   175  836s
 56605 34538    9.00000   68  107          -    8.00000      -   175  841s
 56772 34647    8.00000   61  118          -    8.00000      -   175  845s
 57160 34903    8.00000   44  110          -    8.00000      -   175  853s
 57341 35015   10.00000   90   90          -    8.00000      -   175  858s
 57532 35151    9.00000   55   92          -    8.00000      -   175  862s
 57783 35344    9.00000   47   99          -    8.00000      -   175  866s
 57955 35445 infeasible   88               -    8.00000      -   175  871s
 58143 35571    9.00000   53   98          -    8.00000      -   175  876s
 58294 35654 infeasible   89               -    8.00000      -   175  881s
 58580 35866 infeasible   51               -    8.00000      -   175  888s
 58831 36045    8.00000   51  106          -    8.00000      -   175  895s
 59102 36219   10.00000   71   95          -    8.00000      -   174  904s
 59300 36359 infeasible   84               -    8.00000      -   174  911s
 59527 36515    9.36803   73  109          -    8.00000      -   174  918s
 59714 36638 infeasible   98               -    8.00000      -   174  924s
 59981 36826    9.00000   76   91          -    8.00000      -   174  930s
 60257 37017   10.00000   64   85          -    8.00000      -   174  936s
 60545 37211    9.00000   54   95          -    8.00000      -   174  942s
 60779 37367   10.00000   61   83          -    8.00000      -   174  948s
 61035 37552   10.00000   84  100          -    8.00000      -   174  955s
 61308 37749   10.00000   71   73          -    8.00000      -   174  961s
 61521 37892   10.00000   95   85          -    8.00000      -   174  967s
 61767 38057 infeasible   95               -    8.00000      -   174  971s
 61951 38188    9.00000   92  104          -    8.00000      -   174  976s
 62228 38373    9.00000   53   88          -    8.00000      -   173  981s
 62452 38523    8.00000   73  101          -    8.00000      -   173  986s
 62620 38626 infeasible   55               -    8.00000      -   173  990s
 62825 38761    9.08660   73   90          -    8.00000      -   173  995s
 63108 38951   10.00000   62   85          -    8.00000      -   173 1002s
 63355 39119    9.00000   54   92          -    8.00000      -   173 1008s
 63575 39275   11.00000  117   72          -    8.00000      -   173 1014s
 63820 39430   10.00000   87   98          -    8.00000      -   173 1020s
 64072 39610   10.00000   83  101          -    8.00000      -   173 1025s
 64397 39817    9.49008   62   97          -    8.00000      -   173 1034s
 64590 39946   10.00000   91   82          -    8.00000      -   173 1039s
 64738 40028 infeasible   88               -    8.00000      -   173 1044s
 64938 40156    8.10495   61  108          -    8.00000      -   173 1048s
 65163 40306   11.00000  120   84          -    8.00000      -   173 1053s
 65387 40449   10.00000   77  100          -    8.00000      -   173 1058s
 65639 40629   10.00000   98   98          -    8.00000      -   173 1063s
 65818 40730 infeasible   57               -    8.00000      -   173 1068s
 66058 40893    9.00000   92   78          -    8.00000      -   173 1073s
 66292 41061    9.00000   67   98          -    8.00000      -   173 1077s
 66588 41271   10.00000   81   77          -    8.00000      -   173 1082s
 66769 41370   10.00000   94   78          -    8.00000      -   173 1087s
 67028 41550    9.17828   98   99          -    8.00000      -   173 1092s
 67202 41664    9.00000   70   99          -    8.00000      -   173 1096s
 67363 41762    9.00000   67   69          -    8.00000      -   173 1101s
 67606 41915    9.00000   71  100          -    8.00000      -   173 1106s
 67813 42045   10.00000   60   85          -    8.00000      -   173 1111s
 67938 42099 infeasible   65               -    8.00000      -   174 1115s
 68153 42213    9.04794   59  101          -    8.00000      -   174 1121s
 68448 42387   11.00000   57   86          -    8.00000      -   173 1126s
 68622 42498 infeasible  112               -    8.00000      -   174 1130s
 68842 42608 infeasible   78               -    8.00000      -   174 1136s
 69024 42707   10.00000   92   91          -    8.00000      -   174 1144s
 69327 42886   11.00000  111   85          -    8.00000      -   174 1151s
 69512 42994    8.00000   58   88          -    8.00000      -   174 1158s
 69869 43250   10.00000   60  103          -    8.00000      -   173 1165s
 70050 43361   11.00000   83   73          -    8.00000      -   173 1172s
 70310 43497   10.00000   74   85          -    8.00000      -   173 1180s
 70608 43691   11.00000   66   95          -    8.00000      -   173 1187s
 70957 43931   11.00000   60   80          -    8.00000      -   173 1193s
 71176 44096   10.00000  102   87          -    8.00000      -   173 1199s
 71438 44262 infeasible  112               -    8.00000      -   173 1204s
 71633 44386    9.00000   86   75          -    8.00000      -   173 1211s
 71921 44557    9.00000   92   89          -    8.00000      -   173 1219s
 72122 44663   11.00000   71   86          -    8.00000      -   173 1229s
 72332 44795 infeasible   73               -    8.00000      -   173 1238s
 72583 44964    9.00000   79   81          -    8.00000      -   173 1247s
 72809 45096   11.00000   72   68          -    8.00000      -   173 1256s
 73034 45230 infeasible   61               -    8.00000      -   173 1266s
 73368 45459    8.00295   66  112          -    8.00000      -   173 1276s
 73558 45561    9.00000   78  101          -    8.00000      -   173 1286s
 73813 45722   11.00000   77   76          -    8.00000      -   173 1297s
 74092 45900   10.00000   90   75          -    8.00000      -   173 1306s
 74330 46025    9.00000   75   81          -    8.00000      -   173 1313s
 74552 46169 infeasible   86               -    8.00000      -   173 1321s
 74844 46363 infeasible  110               -    8.00000      -   173 1325s
 75064 46493 infeasible   97               -    8.00000      -   173 1331s
 75296 46631    9.00000   77   87          -    8.00000      -   173 1335s
 75556 46781    9.00000   86   88          -    8.00000      -   173 1340s
 75766 46917 infeasible  105               -    8.00000      -   173 1347s
 76026 47092   11.00000  144   55          -    8.00000      -   173 1354s
 76284 47266   11.00000   87   56          -    8.00000      -   173 1361s
 76472 47366   10.00000   97   89          -    8.00000      -   173 1367s
 76817 47588   11.00000   99   69          -    8.00000      -   173 1376s
 76998 47684    8.01475   76  111          -    8.00000      -   173 1385s
 77326 47912    9.00000   76  106          -    8.00000      -   172 1394s
 77562 48048   11.00000   63   86          -    8.00000      -   172 1403s
 77835 48220    9.00000   90   73          -    8.00000      -   172 1411s
 78047 48352    9.00000   84   97          -    8.00000      -   172 1420s
 78363 48563 infeasible  116               -    8.00000      -   172 1429s
 78590 48691   11.00000   76   84          -    8.00000      -   172 1439s
 78964 48935   10.00000   83   89          -    8.00000      -   172 1449s
 79186 49055   10.00000  106   77          -    8.00000      -   172 1461s
 79471 49246 infeasible   83               -    8.00000      -   172 1471s
 79606 49319    9.00000   71   69          -    8.00000      -   172 1480s
 79857 49469    9.00000   70  103          -    8.00000      -   172 1489s
 80087 49624   11.00000  106   83          -    8.00000      -   172 1498s
 80312 49751    9.00000   87   93          -    8.00000      -   172 1508s
 80475 49850   11.00000  100   57          -    8.00000      -   172 1518s
 80731 49995 infeasible   84               -    8.00000      -   172 1527s
 80910 50094 infeasible  108               -    8.00000      -   172 1537s
 81086 50199   11.00000   88   85          -    8.00000      -   172 1547s
 81273 50312    9.00000   61   88          -    8.00000      -   172 1556s
 81460 50381 infeasible   75               -    8.00000      -   172 1565s
 81692 50532   10.00000   84   84          -    8.00000      -   172 1575s
 81981 50719 infeasible   87               -    8.00000      -   172 1585s
 82125 50789   10.00000  115   92          -    8.00000      -   172 1594s
 82292 50859   10.00000   81   95          -    8.00000      -   172 1604s
 82599 51049    9.00000   76  103          -    8.00000      -   172 1614s
 82784 51153 infeasible   98               -    8.00000      -   172 1624s
 83057 51311    9.00000  103   96          -    8.00000      -   172 1631s
 83251 51444   10.00000   80  117          -    8.00000      -   172 1635s
 83693 51725   10.00000   81   99          -    8.00000      -   172 1644s
 83890 51843    9.83333   67  108          -    8.00000      -   172 1648s
 84073 51904 infeasible   72               -    8.00000      -   172 1653s
 84260 51996    9.68423   70   98          -    8.00000      -   172 1657s
 84480 52151 infeasible  108               -    8.00000      -   172 1663s
 84611 52218 infeasible   64               -    8.00000      -   172 1669s
 84828 52357    9.00000   64   98          -    8.00000      -   173 1674s
 85037 52498    9.00000   72  119          -    8.00000      -   173 1678s
 85310 52693   11.00000   65   96          -    8.00000      -   172 1683s
 85586 52883    9.24792  103  101          -    8.00000      -   172 1687s
 85818 53022    9.00000   53  121          -    8.00000      -   172 1692s
 86036 53157    8.00000   55  110          -    8.00000      -   172 1696s
 86273 53312   11.00000   73   81          -    8.00000      -   172 1701s
 86449 53403 infeasible   79               -    8.00000      -   172 1705s
 86660 53502   10.00000   85  109          -    8.00000      -   172 1710s
 87089 53742   10.00000   79   90          -    8.00000      -   172 1719s
 87307 53857    9.47248   73  114          -    8.00000      -   172 1724s
 87540 53999    9.00000   71  102          -    8.00000      -   172 1729s
 87756 54111    9.00000   68  112          -    8.00000      -   172 1734s
 88002 54251    8.00000   53  118          -    8.00000      -   172 1739s
 88150 54349    9.00089   61   92          -    8.00000      -   173 1743s
 88424 54535   10.00000   64   91          -    8.00000      -   173 1748s
 88670 54685   11.00000   61   87          -    8.00000      -   172 1753s
 88940 54872    9.00000   72   95          -    8.00000      -   172 1757s
 89186 55032 infeasible   62               -    8.00000      -   172 1762s
 89420 55171   10.00000  106   76          -    8.00000      -   172 1767s
 89754 55411    9.04776   83  101          -    8.00000      -   172 1771s
 90045 55622    9.00000   65  100          -    8.00000      -   172 1776s
 90267 55728    9.00000   85   93          -    8.00000      -   172 1780s
 90516 55870    8.07084   60  123          -    8.00000      -   172 1785s
 91068 56206    9.00000   76   86          -    8.00000      -   172 1794s
 91227 56262 infeasible   66               -    8.00000      -   172 1798s
 91454 56372    8.00000   56  117          -    8.00000      -   172 1803s
 91641 56487    9.00000   59   98          -    8.00000      -   172 1807s
 91873 56632 infeasible   65               -    8.00000      -   172 1811s
 91999 56683    9.00000   73  118          -    8.00000      -   172 1816s
 92291 56863   10.00000   73   90          -    8.00000      -   172 1821s
 92438 56958   10.00000   94   79          -    8.00000      -   172 1826s
 92698 57134 infeasible   67               -    8.00000      -   172 1830s
 92911 57271    8.38221   67  118          -    8.00000      -   172 1835s
 93202 57453    9.18008   87   96          -    8.00000      -   172 1840s
 93699 57740    9.00000   65  107          -    8.00000      -   172 1849s
 93921 57898    8.00000   67  104          -    8.00000      -   172 1854s
 94235 58119 infeasible  108               -    8.00000      -   172 1858s
 94375 58216    8.14697   57  129          -    8.00000      -   172 1863s
 94647 58397    9.00000   74   94          -    8.00000      -   172 1867s
 94909 58579    9.00000   59   81          -    8.00000      -   172 1872s
 95178 58747 infeasible   77               -    8.00000      -   172 1877s
 95435 58908    9.00000   63  105          -    8.00000      -   172 1882s
 95611 59015   10.00000   70   77          -    8.00000      -   172 1887s
 95801 59141   11.00000   93   79          -    8.00000      -   172 1891s
 96045 59267 infeasible   71               -    8.00000      -   172 1896s
 96218 59366   10.00000   66  100          -    8.00000      -   172 1901s
 96432 59492    9.00000   63   78          -    8.00000      -   172 1905s
 96609 59580    9.00000   58   83          -    8.00000      -   172 1910s
 97088 59875    9.17573   58   97          -    8.00000      -   172 1919s
 97335 60021   10.00000   56   78          -    8.00000      -   172 1924s
 97606 60164   10.00000   77   92          -    8.00000      -   172 1928s
 97837 60287    8.00000   55  105          -    8.00000      -   172 1933s
 98076 60443    9.00000   59   81          -    8.00000      -   172 1938s
 98309 60599 infeasible   80               -    8.00000      -   172 1942s
 98598 60778    9.00000   76   94          -    8.00000      -   172 1947s
 98805 60898   10.00000   71   89          -    8.00000      -   172 1952s
 99088 61089    9.00000   51  110          -    8.00000      -   172 1956s
 99317 61216    9.00000   51  103          -    8.00000      -   172 1961s
 99506 61330   10.00000   86   90          -    8.00000      -   172 1966s
 99785 61509    9.58589   52   97          -    8.00000      -   172 1970s
 100029 61679    8.00000   56  123          -    8.00000      -   172 1975s
 100505 61997   11.00000   73  108          -    8.00000      -   172 1984s
 100773 62168    9.00000   52   99          -    8.00000      -   172 1988s
 101026 62346    8.00000   55  120          -    8.00000      -   172 1993s
 101304 62541    9.00000   75   89          -    8.00000      -   172 1998s
 101516 62676   10.00000   84   90          -    8.00000      -   172 2002s
 101800 62855   10.00000   53   89          -    8.00000      -   172 2007s
 102021 63016    9.00000   82   99          -    8.00000      -   172 2012s
 102288 63185    8.00000   54  107          -    8.00000      -   172 2016s
 102508 63333   10.00000   85   87          -    8.00000      -   172 2021s
 102723 63467    9.00000   77   92          -    8.00000      -   172 2026s
 102911 63587   11.00000   73   78          -    8.00000      -   172 2030s
 103163 63718 infeasible   68               -    8.00000      -   172 2035s
 103339 63811   11.00000   56   97          -    8.00000      -   172 2040s
 103814 64061    8.00395   70  109          -    8.00000      -   172 2049s
 104037 64195    8.00000   58  115          -    8.00000      -   172 2055s
 104240 64290    9.00000   59  102          -    8.00000      -   172 2060s
 104439 64371   11.00000   83   86          -    8.00000      -   172 2065s
 104670 64488 infeasible   72               -    8.00000      -   172 2070s
 104844 64580   11.00000   52  111          -    8.00000      -   172 2075s
 105246 64802    9.00000   50   87          -    8.00000      -   172 2084s
 105432 64902   10.00000   64  121          -    8.00000      -   172 2090s
 105679 65068   10.00000   61  109          -    8.00000      -   172 2096s
 105890 65183   10.00000   60   99          -    8.00000      -   172 2102s
 106108 65312   10.00000   57   85          -    8.00000      -   172 2107s
 106327 65424   10.00000   68   84          -    8.00000      -   173 2112s
 106578 65554   10.00000   63   89          -    8.00000      -   173 2116s
 106713 65608    9.00000   83  107          -    8.00000      -   173 2121s
 106889 65706   10.00000   55  104          -    8.00000      -   173 2126s
 107236 65924   11.00000   85  101          -    8.00000      -   173 2131s
 107502 66109   10.00000   50   96          -    8.00000      -   173 2135s
 107714 66245 infeasible   61               -    8.00000      -   173 2141s
 107863 66325 infeasible   91               -    8.00000      -   173 2147s
 108074 66465 infeasible   76               -    8.00000      -   173 2153s
 108255 66567   11.00000   90   78          -    8.00000      -   173 2160s
 108469 66669   11.00000   92   86          -    8.00000      -   173 2166s
 108608 66749   10.00000  108   93          -    8.00000      -   173 2173s
 108774 66842    8.25543   59  119          -    8.00000      -   173 2180s
 108987 66991    9.00000   68  123          -    8.00000      -   173 2187s
 109202 67118    9.00000  101  102          -    8.00000      -   173 2196s
 109442 67278    9.05599   83  113          -    8.00000      -   173 2201s
 109570 67325    8.00000   90  120          -    8.00000      -   173 2208s
 109803 67479    9.00000  100  125          -    8.00000      -   173 2214s
 109983 67586    9.00000   78   98          -    8.00000      -   174 2218s
 110188 67721   10.66667   79   96          -    8.00000      -   174 2223s
 110435 67868 infeasible   71               -    8.00000      -   174 2229s
 110669 68031    9.00000   58   88          -    8.00000      -   174 2234s
 110985 68238 infeasible   98               -    8.00000      -   174 2240s
 111195 68346 infeasible   81               -    8.00000      -   174 2248s
 111622 68605   10.00000   68   69          -    8.00000      -   173 2255s
 111848 68710    9.26528   59   89          -    8.00000      -   173 2263s
 112112 68818 infeasible   56               -    8.00000      -   173 2270s
 112320 68930    9.00000   67   94          -    8.00000      -   173 2278s
 112623 69120    8.20571   73  116          -    8.00000      -   173 2286s
 112920 69307 infeasible   81               -    8.00000      -   173 2293s
 113259 69519   10.00000   79   93          -    8.00000      -   173 2301s
 113391 69553 infeasible   87               -    8.00000      -   173 2308s
 113722 69740   10.00000   94   88          -    8.00000      -   173 2316s
 113987 69872 infeasible  102               -    8.00000      -   173 2323s
 114192 69921   10.00000   68   85          -    8.00000      -   173 2328s
 114329 69950   11.00000   83  104          -    8.00000      -   173 2334s
 114544 70050 infeasible   78               -    8.00000      -   173 2342s
 114876 70184    8.00000   68   92          -    8.00000      -   173 2349s
 115070 70244   10.00000  103   93          -    8.00000      -   173 2355s
 115351 70359    8.00000   57   95          -    8.00000      -   173 2362s
 115544 70492    9.00000   94  104          -    8.00000      -   173 2367s
 115850 70704   10.00000  106   85          -    8.00000      -   173 2373s
 116176 70902    8.49475   62  113          -    8.00000      -   173 2379s
 116520 71103   10.00000   89   72          -    8.00000      -   173 2384s
 116757 71258    9.00000   96  112          -    8.00000      -   173 2390s
 117048 71448   11.00000  107   73          -    8.00000      -   173 2395s
 117303 71601   11.00000  110   83          -    8.00000      -   173 2400s
 117678 71849    9.00000   77   84          -    8.00000      -   172 2405s
 117900 71986   10.00000  114   92          -    8.00000      -   172 2410s
 118439 72341    9.00000  113   79          -    8.00000      -   172 2420s
 118720 72494    9.00000   85  117          -    8.00000      -   172 2427s
 118920 72610    9.00000   80   94          -    8.00000      -   172 2434s
 119187 72755 infeasible  101               -    8.00000      -   172 2441s
 119426 72911    8.09904   88  113          -    8.00000      -   172 2448s
 119705 73078 infeasible  101               -    8.00000      -   172 2455s
 119988 73241   11.00000   81   87          -    8.00000      -   172 2461s
 120231 73357    9.00000  106  115          -    8.00000      -   172 2469s
 120378 73415    9.04644  105   96          -    8.00000      -   172 2475s
 120586 73514    9.00000   92   95          -    8.00000      -   172 2481s
 120710 73576 infeasible   80               -    8.00000      -   172 2489s
 120893 73693 infeasible   73               -    8.00000      -   172 2494s
 121077 73772   10.00000  100   56          -    8.00000      -   172 2499s
 121362 73939    9.00000  101   81          -    8.00000      -   172 2504s
 121555 74044    9.00000   74  101          -    8.00000      -   172 2509s
 121746 74151 infeasible   80               -    8.00000      -   172 2515s
 122104 74396    9.00000   86  109          -    8.00000      -   172 2521s
 122301 74491    9.00000   90  102          -    8.00000      -   172 2537s
 122627 74658   10.00000   94   74          -    8.00000      -   172 2545s
 122877 74809    8.00000   88  118          -    8.00000      -   172 2553s
 123085 74918 infeasible   81               -    8.00000      -   172 2560s
 123301 75030 infeasible   79               -    8.00000      -   172 2567s
 123641 75219    9.00000   88  104          -    8.00000      -   172 2573s
 123873 75360    8.18174   74  110          -    8.00000      -   172 2580s
 124136 75498   10.00000   97   77          -    8.00000      -   172 2587s
 124389 75648    9.00000   76   74          -    8.00000      -   172 2594s
 124703 75834   10.00000   96  102          -    8.00000      -   172 2600s
 125004 76043 infeasible   91               -    8.00000      -   172 2607s
 125302 76239 infeasible  129               -    8.00000      -   172 2613s
 125590 76416   11.00000  112   74          -    8.00000      -   172 2619s
 125873 76565 infeasible   94               -    8.00000      -   172 2626s
 126054 76656    8.00000   88   95          -    8.00000      -   172 2633s
 126349 76834 infeasible  122               -    8.00000      -   172 2640s
 126665 77042    9.00000   93   91          -    8.00000      -   171 2647s
 126988 77258    9.00000  113  103          -    8.00000      -   171 2654s
 127170 77358    8.01626   98  118          -    8.00000      -   171 2660s
 127436 77550   10.00000  106   99          -    8.00000      -   171 2666s
 127643 77691    9.00000   85  102          -    8.00000      -   171 2673s
 127832 77806 infeasible   93               -    8.00000      -   171 2679s
 128003 77900   10.00000   97   87          -    8.00000      -   171 2685s
 128285 78098   10.00000  130   97          -    8.00000      -   171 2690s
 128531 78242   10.00000   84   84          -    8.00000      -   171 2696s
 128781 78411 infeasible   89               -    8.00000      -   171 2702s
 128981 78506   10.00000  124   86          -    8.00000      -   171 2709s
 129229 78615    9.00000   99   96          -    8.00000      -   171 2715s
 129437 78719    9.00000   88   95          -    8.00000      -   171 2721s
 129721 78876   10.00000   92   88          -    8.00000      -   171 2727s
 129952 79015    9.00000   91  111          -    8.00000      -   171 2734s
 130219 79189   10.00000   91  107          -    8.00000      -   171 2739s
 130475 79365   10.00000  127   92          -    8.00000      -   171 2745s
 130820 79595   11.00000  116   73          -    8.00000      -   171 2751s
 131023 79708   10.00000   91   86          -    8.00000      -   171 2757s
 131275 79866   10.00000   89   89          -    8.00000      -   171 2763s
 131546 80045 infeasible  130               -    8.00000      -   171 2770s
 131765 80151 infeasible  148               -    8.00000      -   171 2775s
 132049 80319   10.00000  124   66          -    8.00000      -   171 2781s
 132251 80410   11.00000  102  107          -    8.00000      -   171 2785s
 132364 80470 infeasible  126               -    8.00000      -   171 2798s
 132484 80530   10.00000   81  104          -    8.00000      -   171 2803s
 132742 80686 infeasible   98               -    8.00000      -   171 2808s
 132908 80752 infeasible  113               -    8.00000      -   171 2813s
 133155 80848    9.00000  103  101          -    8.00000      -   171 2817s
 133380 80977   10.00000   84   94          -    8.00000      -   170 2821s
 133701 81141 infeasible   86               -    8.00000      -   170 2826s
 133871 81223    9.25000   94   92          -    8.00000      -   170 2830s
 134433 81559    9.00000   82  122          -    8.00000      -   170 2839s
 134824 81821 infeasible  110               -    8.00000      -   170 2843s
 135063 81982   10.00000  102   68          -    8.00000      -   170 2847s
 135498 82259   10.00000   89   99          -    8.00000      -   170 2851s
 135648 82343   10.00000   88   94          -    8.00000      -   170 2856s
 136037 82595   10.00000   85  105          -    8.00000      -   170 2860s
 136531 82867    9.00000  114   85          -    8.00000      -   169 2868s
 136724 82998   10.00000   65   88          -    8.00000      -   169 2872s
 137063 83236 infeasible   93               -    8.00000      -   169 2876s
 137300 83391    9.00000   96   90          -    8.00000      -   169 2880s
 137825 83721   10.00000   88   89          -    8.00000      -   169 2888s
 138099 83884    9.00000   75  107          -    8.00000      -   169 2892s
 138309 84015 infeasible   95               -    8.00000      -   169 2896s
 138599 84145   11.00000  111   68          -    8.00000      -   169 2900s
 139110 84443   10.00000   93   67          -    8.00000      -   169 2908s
 139291 84531   10.00000  115  102          -    8.00000      -   169 2910s

Cutting planes:
  Gomory: 3
  Cover: 9
  Clique: 6
  MIR: 22
  StrongCG: 8
  Flow cover: 23
  GUB cover: 31
  Inf proof: 2
  Zero half: 4

Explored 139564 nodes (23651744 simplex iterations) in 2910.77 seconds
Thread count was 4 (of 4 available processors)

Solution count 0

Solve interrupted
Best objective -, best bound 8.000000000000e+00, gap -

Gurobi 7.5.2 (linux64) logging started Wed Jan 23 12:13:33 2019

Academic license - for non-commercial use only

Gurobi Optimizer version 7.5.2 build v7.5.2rc1 (linux64)
Copyright (c) 2017, Gurobi Optimization, Inc.

Read LP format model from file j3040_1.mm.lp
Reading time = 0.01 seconds
: 1363 rows, 2951 columns, 28949 nonzeros
Optimize a model with 1363 rows, 2951 columns and 28949 nonzeros
Variable types: 0 continuous, 2951 integer (2886 binary)
Coefficient statistics:
  Matrix range     [1e+00, 4e+01]
  Objective range  [1e+00, 3e+01]
  Bounds range     [1e+00, 4e+01]
  RHS range        [1e+00, 2e+02]
Presolve removed 1113 rows and 1575 columns
Presolve time: 0.12s
Presolved: 250 rows, 1376 columns, 18876 nonzeros
Variable types: 0 continuous, 1376 integer (1365 binary)

Root relaxation: objective 9.000000e+00, 321 iterations, 0.01 seconds

    Nodes    |    Current Node    |     Objective Bounds      |     Work
 Expl Unexpl |  Obj  Depth IntInf | Incumbent    BestBd   Gap | It/Node Time

     0     0    9.00000    0   44          -    9.00000      -     -    0s
     0     0    9.57143    0   55          -    9.57143      -     -    0s
     0     0    9.65714    0   66          -    9.65714      -     -    0s
     0     0    9.65714    0   68          -    9.65714      -     -    0s
     0     0   10.00000    0   57          -   10.00000      -     -    0s
     0     0   10.00000    0   70          -   10.00000      -     -    0s
     0     0   10.00000    0   64          -   10.00000      -     -    0s
     0     0   10.00000    0   26          -   10.00000      -     -    0s
     0     2   10.00000    0   26          -   10.00000      -     -    0s
H  152    16                      11.0000000   10.00000  9.09%  21.0    0s

Cutting planes:
  Gomory: 4
  Cover: 2
  Implied bound: 1
  Clique: 47
  MIR: 5
  StrongCG: 5
  GUB cover: 30
  Zero half: 1

Explored 162 nodes (5252 simplex iterations) in 0.93 seconds
Thread count was 4 (of 4 available processors)

Solution count 1: 11 

Optimal solution found (tolerance 1.00e-04)
Best objective 1.100000000000e+01, best bound 1.100000000000e+01, gap 0.0000%

Gurobi 7.5.2 (linux64) logging started Wed Jan 23 12:31:07 2019

Academic license - for non-commercial use only

Gurobi Optimizer version 7.5.2 build v7.5.2rc1 (linux64)
Copyright (c) 2017, Gurobi Optimization, Inc.

Read LP format model from file j3040_2.mm.lp
Reading time = 0.01 seconds
: 1004 rows, 2153 columns, 20791 nonzeros
Optimize a model with 1004 rows, 2153 columns and 20791 nonzeros
Variable types: 0 continuous, 2153 integer (2088 binary)
Coefficient statistics:
  Matrix range     [1e+00, 4e+01]
  Objective range  [1e+00, 4e+01]
  Bounds range     [1e+00, 4e+01]
  RHS range        [1e+00, 1e+02]
Presolve removed 767 rows and 1203 columns
Presolve time: 0.12s
Presolved: 237 rows, 950 columns, 13427 nonzeros
Variable types: 0 continuous, 950 integer (950 binary)

Root relaxation: objective 4.130435e+00, 366 iterations, 0.01 seconds

    Nodes    |    Current Node    |     Objective Bounds      |     Work
 Expl Unexpl |  Obj  Depth IntInf | Incumbent    BestBd   Gap | It/Node Time

     0     0    4.13043    0   59          -    4.13043      -     -    0s
     0     0    4.68259    0   70          -    4.68259      -     -    0s
     0     0    4.69295    0   68          -    4.69295      -     -    0s
     0     0    5.00000    0   54          -    5.00000      -     -    0s
     0     0    5.00000    0   52          -    5.00000      -     -    0s
     0     0    5.00000    0   83          -    5.00000      -     -    0s
     0     0    5.00000    0   71          -    5.00000      -     -    0s
     0     0    5.00000    0   29          -    5.00000      -     -    0s
     0     0    5.00000    0   58          -    5.00000      -     -    0s
     0     0    5.03733    0  101          -    5.03733      -     -    0s
     0     0    6.00000    0   60          -    6.00000      -     -    0s
     0     0    6.00000    0   23          -    6.00000      -     -    0s
*    0     0               0       6.0000000    6.00000  0.00%     -    0s

Cutting planes:
  Gomory: 4
  Cover: 5
  Clique: 14
  MIR: 7
  StrongCG: 4
  GUB cover: 38
  Zero half: 5

Explored 1 nodes (1615 simplex iterations) in 0.39 seconds
Thread count was 4 (of 4 available processors)

Solution count 1: 6 

Optimal solution found (tolerance 1.00e-04)
Best objective 6.000000000000e+00, best bound 6.000000000000e+00, gap 0.0000%

Gurobi 7.5.2 (linux64) logging started Mon Jan 28 08:29:30 2019

Academic license - for non-commercial use only

Gurobi Optimizer version 7.5.2 build v7.5.2rc1 (linux64)
Copyright (c) 2017, Gurobi Optimization, Inc.

Read LP format model from file j3040_1.mm.lp
Reading time = 0.04 seconds
: 1363 rows, 2951 columns, 28949 nonzeros
Optimize a model with 1363 rows, 2951 columns and 28949 nonzeros
Variable types: 0 continuous, 2951 integer (2886 binary)
Coefficient statistics:
  Matrix range     [1e+00, 4e+01]
  Objective range  [1e+00, 3e+01]
  Bounds range     [1e+00, 4e+01]
  RHS range        [1e+00, 2e+02]
Presolve removed 1113 rows and 1575 columns
Presolve time: 0.11s
Presolved: 250 rows, 1376 columns, 18876 nonzeros
Variable types: 0 continuous, 1376 integer (1365 binary)

Root relaxation: objective 9.000000e+00, 321 iterations, 0.02 seconds

    Nodes    |    Current Node    |     Objective Bounds      |     Work
 Expl Unexpl |  Obj  Depth IntInf | Incumbent    BestBd   Gap | It/Node Time

     0     0    9.00000    0   44          -    9.00000      -     -    0s
     0     0    9.57143    0   55          -    9.57143      -     -    0s
     0     0    9.65714    0   66          -    9.65714      -     -    0s
     0     0    9.65714    0   68          -    9.65714      -     -    0s
     0     0   10.00000    0   57          -   10.00000      -     -    0s
     0     0   10.00000    0   70          -   10.00000      -     -    0s
     0     0   10.00000    0   64          -   10.00000      -     -    0s
     0     0   10.00000    0   26          -   10.00000      -     -    0s
     0     2   10.00000    0   26          -   10.00000      -     -    1s
H  152    16                      11.0000000   10.00000  9.09%  21.0    1s

Cutting planes:
  Gomory: 4
  Cover: 2
  Implied bound: 1
  Clique: 47
  MIR: 5
  StrongCG: 5
  GUB cover: 30
  Zero half: 1

Explored 162 nodes (5252 simplex iterations) in 1.20 seconds
Thread count was 4 (of 4 available processors)

Solution count 1: 11 

Optimal solution found (tolerance 1.00e-04)
Best objective 1.100000000000e+01, best bound 1.100000000000e+01, gap 0.0000%
